This file contains any messages produced by compilers while
running configure, to aid debugging if configure makes a mistake.

It was created by PolicyKit-mate configure 0.9.2, which was
generated by GNU Autoconf 2.68.  Invocation command line was

  $ ./configure --prefix=/usr --sysconfdir=/etc --localstatedir=/var --disable-static

## --------- ##
## Platform. ##
## --------- ##

hostname = matsusoft.com.ar
uname -m = x86_64
uname -r = 2.6.39-ARCH
uname -s = Linux
uname -v = #1 SMP PREEMPT Sat Jul 9 14:57:41 CEST 2011

/usr/bin/uname -p = unknown
/bin/uname -X     = unknown

/bin/arch              = x86_64
/usr/bin/arch -k       = unknown
/usr/convex/getsysinfo = unknown
/usr/bin/hostinfo      = unknown
/bin/machine           = unknown
/usr/bin/oslevel       = unknown
/bin/universe          = unknown

PATH: /usr/local/bin
PATH: /usr/bin
PATH: /bin
PATH: /usr/local/sbin
PATH: /usr/sbin
PATH: /sbin
PATH: /opt/java/jre/bin
PATH: /usr/bin/vendor_perl
PATH: /usr/bin/core_perl


## ----------- ##
## Core tests. ##
## ----------- ##

configure:2397: checking for a BSD-compatible install
configure:2465: result: /bin/install -c
configure:2476: checking whether build environment is sane
configure:2526: result: yes
configure:2667: checking for a thread-safe mkdir -p
configure:2706: result: /bin/mkdir -p
configure:2719: checking for gawk
configure:2735: found /usr/bin/gawk
configure:2746: result: gawk
configure:2757: checking whether make sets $(MAKE)
configure:2779: result: yes
configure:2865: checking whether to enable maintainer-specific portions of Makefiles
configure:2874: result: no
configure:2947: checking for gcc
configure:2963: found /usr/bin/gcc
configure:2974: result: gcc
configure:3203: checking for C compiler version
configure:3212: gcc --version >&5
gcc (GCC) 4.6.1
Copyright (C) 2011 Free Software Foundation, Inc.
This is free software; see the source for copying conditions.  There is NO
warranty; not even for MERCHANTABILITY or FITNESS FOR A PARTICULAR PURPOSE.

configure:3223: $? = 0
configure:3212: gcc -v >&5
Using built-in specs.
COLLECT_GCC=gcc
COLLECT_LTO_WRAPPER=/usr/lib/gcc/x86_64-unknown-linux-gnu/4.6.1/lto-wrapper
Target: x86_64-unknown-linux-gnu
Configured with: /build/src/gcc-4.6.1/configure --prefix=/usr --libdir=/usr/lib --libexecdir=/usr/lib --mandir=/usr/share/man --infodir=/usr/share/info --with-bugurl=https://bugs.archlinux.org/ --enable-languages=c,c++,ada,fortran,go,lto,objc,obj-c++ --enable-shared --enable-threads=posix --with-system-zlib --enable-__cxa_atexit --disable-libunwind-exceptions --enable-clocale=gnu --enable-gnu-unique-object --enable-linker-build-id --with-ppl --enable-cloog-backend=isl --enable-lto --enable-gold --enable-ld=default --enable-plugin --with-plugin-ld=ld.gold --enable-multilib --disable-libstdcxx-pch --enable-checking=release
Thread model: posix
gcc version 4.6.1 (GCC) 
configure:3223: $? = 0
configure:3212: gcc -V >&5
gcc: error: unrecognized option '-V'
gcc: fatal error: no input files
compilation terminated.
configure:3223: $? = 1
configure:3212: gcc -qversion >&5
gcc: error: unrecognized option '-qversion'
gcc: fatal error: no input files
compilation terminated.
configure:3223: $? = 1
configure:3243: checking whether the C compiler works
configure:3265: gcc -s -Os -mtune=native -march=native   conftest.c  >&5
configure:3269: $? = 0
configure:3317: result: yes
configure:3320: checking for C compiler default output file name
configure:3322: result: a.out
configure:3328: checking for suffix of executables
configure:3335: gcc -o conftest -s -Os -mtune=native -march=native   conftest.c  >&5
configure:3339: $? = 0
configure:3361: result: 
configure:3383: checking whether we are cross compiling
configure:3391: gcc -o conftest -s -Os -mtune=native -march=native   conftest.c  >&5
configure:3395: $? = 0
configure:3402: ./conftest
configure:3406: $? = 0
configure:3421: result: no
configure:3426: checking for suffix of object files
configure:3448: gcc -c -s -Os -mtune=native -march=native  conftest.c >&5
configure:3452: $? = 0
configure:3473: result: o
configure:3477: checking whether we are using the GNU C compiler
configure:3496: gcc -c -s -Os -mtune=native -march=native  conftest.c >&5
configure:3496: $? = 0
configure:3505: result: yes
configure:3514: checking whether gcc accepts -g
configure:3534: gcc -c -g  conftest.c >&5
configure:3534: $? = 0
configure:3575: result: yes
configure:3592: checking for gcc option to accept ISO C89
configure:3656: gcc  -c -s -Os -mtune=native -march=native  conftest.c >&5
configure:3656: $? = 0
configure:3669: result: none needed
configure:3700: checking for style of include used by make
configure:3728: result: GNU
configure:3753: checking dependency style of gcc
configure:3863: result: gcc3
configure:3879: checking for library containing strerror
configure:3910: gcc -o conftest -s -Os -mtune=native -march=native   conftest.c  >&5
configure:3910: $? = 0
configure:3927: result: none required
configure:3940: checking how to run the C preprocessor
configure:3971: gcc -E  conftest.c
configure:3971: $? = 0
configure:3985: gcc -E  conftest.c
conftest.c:11:28: fatal error: ac_nonexistent.h: No such file or directory
compilation terminated.
configure:3985: $? = 1
configure: failed program was:
| /* confdefs.h */
| #define PACKAGE_NAME "PolicyKit-mate"
| #define PACKAGE_TARNAME "PolicyKit-mate"
| #define PACKAGE_VERSION "0.9.2"
| #define PACKAGE_STRING "PolicyKit-mate 0.9.2"
| #define PACKAGE_BUGREPORT "mailto:david@fubar.dk"
| #define PACKAGE_URL ""
| #define PACKAGE "PolicyKit-mate"
| #define VERSION "0.9.2"
| /* end confdefs.h.  */
| #include <ac_nonexistent.h>
configure:4010: result: gcc -E
configure:4030: gcc -E  conftest.c
configure:4030: $? = 0
configure:4044: gcc -E  conftest.c
conftest.c:11:28: fatal error: ac_nonexistent.h: No such file or directory
compilation terminated.
configure:4044: $? = 1
configure: failed program was:
| /* confdefs.h */
| #define PACKAGE_NAME "PolicyKit-mate"
| #define PACKAGE_TARNAME "PolicyKit-mate"
| #define PACKAGE_VERSION "0.9.2"
| #define PACKAGE_STRING "PolicyKit-mate 0.9.2"
| #define PACKAGE_BUGREPORT "mailto:david@fubar.dk"
| #define PACKAGE_URL ""
| #define PACKAGE "PolicyKit-mate"
| #define VERSION "0.9.2"
| /* end confdefs.h.  */
| #include <ac_nonexistent.h>
configure:4073: checking for grep that handles long lines and -e
configure:4131: result: /bin/grep
configure:4136: checking for egrep
configure:4198: result: /bin/grep -E
configure:4203: checking for ANSI C header files
configure:4223: gcc -c -s -Os -mtune=native -march=native  conftest.c >&5
configure:4223: $? = 0
configure:4296: gcc -o conftest -s -Os -mtune=native -march=native   conftest.c  >&5
configure:4296: $? = 0
configure:4296: ./conftest
configure:4296: $? = 0
configure:4307: result: yes
configure:4344: checking build system type
configure:4358: result: x86_64-unknown-linux-gnu
configure:4378: checking host system type
configure:4391: result: x86_64-unknown-linux-gnu
configure:4432: checking how to print strings
configure:4459: result: printf
configure:4480: checking for a sed that does not truncate output
configure:4544: result: /bin/sed
configure:4562: checking for fgrep
configure:4624: result: /bin/grep -F
configure:4659: checking for ld used by gcc
configure:4726: result: /usr/bin/ld
configure:4733: checking if the linker (/usr/bin/ld) is GNU ld
configure:4748: result: yes
configure:4760: checking for BSD- or MS-compatible name lister (nm)
configure:4809: result: /usr/bin/nm -B
configure:4939: checking the name lister (/usr/bin/nm -B) interface
configure:4946: gcc -c -s -Os -mtune=native -march=native  conftest.c >&5
configure:4949: /usr/bin/nm -B "conftest.o"
configure:4952: output
0000000000000000 B some_variable
configure:4959: result: BSD nm
configure:4962: checking whether ln -s works
configure:4966: result: yes
configure:4974: checking the maximum length of command line arguments
configure:5099: result: 1572864
configure:5116: checking whether the shell understands some XSI constructs
configure:5126: result: yes
configure:5130: checking whether the shell understands "+="
configure:5136: result: yes
configure:5171: checking how to convert x86_64-unknown-linux-gnu file names to x86_64-unknown-linux-gnu format
configure:5211: result: func_convert_file_noop
configure:5218: checking how to convert x86_64-unknown-linux-gnu file names to toolchain format
configure:5238: result: func_convert_file_noop
configure:5245: checking for /usr/bin/ld option to reload object files
configure:5252: result: -r
configure:5326: checking for objdump
configure:5342: found /usr/bin/objdump
configure:5353: result: objdump
configure:5385: checking how to recognize dependent libraries
configure:5587: result: pass_all
configure:5672: checking for dlltool
configure:5702: result: no
configure:5732: checking how to associate runtime and link libraries
configure:5759: result: printf %s\n
configure:5819: checking for ar
configure:5835: found /usr/bin/ar
configure:5846: result: ar
configure:5883: checking for archiver @FILE support
configure:5900: gcc -c -s -Os -mtune=native -march=native  conftest.c >&5
configure:5900: $? = 0
configure:5903: ar cru libconftest.a @conftest.lst >&5
configure:5906: $? = 0
configure:5911: ar cru libconftest.a @conftest.lst >&5
ar: conftest.o: No such file or directory
configure:5914: $? = 1
configure:5926: result: @
configure:5984: checking for strip
configure:6000: found /usr/bin/strip
configure:6011: result: strip
configure:6083: checking for ranlib
configure:6099: found /usr/bin/ranlib
configure:6110: result: ranlib
configure:6212: checking command to parse /usr/bin/nm -B output from gcc object
configure:6331: gcc -c -s -Os -mtune=native -march=native  conftest.c >&5
configure:6334: $? = 0
configure:6338: /usr/bin/nm -B conftest.o \| sed -n -e 's/^.*[ ]\([ABCDGIRSTW][ABCDGIRSTW]*\)[ ][ ]*\([_A-Za-z][_A-Za-z0-9]*\)$/\1 \2 \2/p' | sed '/ __gnu_lto/d' \> conftest.nm
configure:6341: $? = 0
configure:6407: gcc -o conftest -s -Os -mtune=native -march=native   conftest.c conftstm.o >&5
configure:6410: $? = 0
configure:6448: result: ok
configure:6485: checking for sysroot
configure:6515: result: no
configure:6592: gcc -c -s -Os -mtune=native -march=native  conftest.c >&5
configure:6595: $? = 0
configure:6758: checking for mt
configure:6788: result: no
configure:6808: checking if : is a manifest tool
configure:6814: : '-?'
configure:6822: result: no
configure:7454: checking for sys/types.h
configure:7454: gcc -c -s -Os -mtune=native -march=native  conftest.c >&5
configure:7454: $? = 0
configure:7454: result: yes
configure:7454: checking for sys/stat.h
configure:7454: gcc -c -s -Os -mtune=native -march=native  conftest.c >&5
configure:7454: $? = 0
configure:7454: result: yes
configure:7454: checking for stdlib.h
configure:7454: gcc -c -s -Os -mtune=native -march=native  conftest.c >&5
configure:7454: $? = 0
configure:7454: result: yes
configure:7454: checking for string.h
configure:7454: gcc -c -s -Os -mtune=native -march=native  conftest.c >&5
configure:7454: $? = 0
configure:7454: result: yes
configure:7454: checking for memory.h
configure:7454: gcc -c -s -Os -mtune=native -march=native  conftest.c >&5
configure:7454: $? = 0
configure:7454: result: yes
configure:7454: checking for strings.h
configure:7454: gcc -c -s -Os -mtune=native -march=native  conftest.c >&5
configure:7454: $? = 0
configure:7454: result: yes
configure:7454: checking for inttypes.h
configure:7454: gcc -c -s -Os -mtune=native -march=native  conftest.c >&5
configure:7454: $? = 0
configure:7454: result: yes
configure:7454: checking for stdint.h
configure:7454: gcc -c -s -Os -mtune=native -march=native  conftest.c >&5
configure:7454: $? = 0
configure:7454: result: yes
configure:7454: checking for unistd.h
configure:7454: gcc -c -s -Os -mtune=native -march=native  conftest.c >&5
configure:7454: $? = 0
configure:7454: result: yes
configure:7468: checking for dlfcn.h
configure:7468: gcc -c -s -Os -mtune=native -march=native  conftest.c >&5
configure:7468: $? = 0
configure:7468: result: yes
configure:7655: checking for objdir
configure:7670: result: .libs
configure:7937: checking if gcc supports -fno-rtti -fno-exceptions
configure:7955: gcc -c -s -Os -mtune=native -march=native  -fno-rtti -fno-exceptions conftest.c >&5
cc1: warning: command line option '-fno-rtti' is valid for C++/ObjC++ but not for C [enabled by default]
configure:7959: $? = 0
configure:7972: result: no
configure:8282: checking for gcc option to produce PIC
configure:8289: result: -fPIC -DPIC
configure:8297: checking if gcc PIC flag -fPIC -DPIC works
configure:8315: gcc -c -s -Os -mtune=native -march=native  -fPIC -DPIC -DPIC conftest.c >&5
configure:8319: $? = 0
configure:8332: result: yes
configure:8361: checking if gcc static flag -static works
configure:8389: result: yes
configure:8404: checking if gcc supports -c -o file.o
configure:8425: gcc -c -s -Os -mtune=native -march=native  -o out/conftest2.o conftest.c >&5
configure:8429: $? = 0
configure:8451: result: yes
configure:8459: checking if gcc supports -c -o file.o
configure:8506: result: yes
configure:8539: checking whether the gcc linker (/usr/bin/ld -m elf_x86_64) supports shared libraries
configure:9697: result: yes
configure:9734: checking whether -lc should be explicitly linked in
configure:9742: gcc -c -s -Os -mtune=native -march=native  conftest.c >&5
configure:9745: $? = 0
configure:9760: gcc -shared  -fPIC -DPIC conftest.o  -v -Wl,-soname -Wl,conftest -o conftest 2\>\&1 \| /bin/grep  -lc  \>/dev/null 2\>\&1
configure:9763: $? = 0
configure:9777: result: no
configure:9942: checking dynamic linker characteristics
configure:10456: gcc -o conftest -s -Os -mtune=native -march=native   -Wl,-rpath -Wl,/foo conftest.c  >&5
configure:10456: $? = 0
configure:10678: result: GNU/Linux ld.so
configure:10785: checking how to hardcode library paths into programs
configure:10810: result: immediate
configure:11350: checking whether stripping libraries is possible
configure:11355: result: yes
configure:11390: checking if libtool supports shared libraries
configure:11392: result: yes
configure:11395: checking whether to build shared libraries
configure:11416: result: yes
configure:11419: checking whether to build static libraries
configure:11423: result: no
configure:11605: checking for pkg-config
configure:11623: found /usr/bin/pkg-config
configure:11635: result: /usr/bin/pkg-config
configure:11660: checking pkg-config is at least version 0.9.0
configure:11663: result: yes
configure:11674: checking mate-doc-utils >= 0.3.2
configure:11677: $PKG_CONFIG --exists --print-errors "mate-doc-utils >= $gdu_cv_version_required"
configure:11680: $? = 0
configure:11688: result: yes
configure:11809: checking whether gcc understands -Wno-sign-compare
configure:11822: gcc -c -Wall -Wmissing-prototypes -Wnested-externs -Wpointer-arith -s -Os -mtune=native -march=native -Wall -Wchar-subscripts -Wmissing-declarations -Wnested-externs -Wpointer-arith -Wcast-align -Wsign-compare -Wno-sign-compare  conftest.c >&5
configure:11822: $? = 0
configure:11829: result: yes
configure:11847: checking what warning flags to pass to the C compiler
configure:11849: result: -Wall -Wmissing-prototypes -Wnested-externs -Wpointer-arith -Wno-sign-compare
configure:11860: checking what language compliance flags to pass to the C compiler
configure:11875: result: 
configure:11906: checking for gtkdoc-check
configure:11924: found /usr/bin/gtkdoc-check
configure:11936: result: /usr/bin/gtkdoc-check
configure:11948: checking for gtkdoc-rebase
configure:11966: found /usr/bin/gtkdoc-rebase
configure:11978: result: /usr/bin/gtkdoc-rebase
configure:11992: checking for gtkdoc-mkpdf
configure:12010: found /usr/bin/gtkdoc-mkpdf
configure:12022: result: /usr/bin/gtkdoc-mkpdf
configure:12052: $PKG_CONFIG --exists --print-errors "gtk-doc >= 1.3"
configure:12055: $? = 0
configure:12063: checking whether to build gtk-doc documentation
configure:12065: result: yes
configure:12142: checking for GTK
configure:12149: $PKG_CONFIG --exists --print-errors "gtk+-2.0 >= $GTK_REQUIRED"
configure:12152: $? = 0
configure:12166: $PKG_CONFIG --exists --print-errors "gtk+-2.0 >= $GTK_REQUIRED"
configure:12169: $? = 0
configure:12227: result: yes
configure:12236: checking for MATECONF
configure:12243: $PKG_CONFIG --exists --print-errors "mateconf-2.0 >= $MATECONF_REQUIRED"
configure:12246: $? = 0
configure:12260: $PKG_CONFIG --exists --print-errors "mateconf-2.0 >= $MATECONF_REQUIRED"
configure:12263: $? = 0
configure:12321: result: yes
configure:12330: checking for DBUS_GLIB
configure:12337: $PKG_CONFIG --exists --print-errors "dbus-glib-1 >= $DBUS_GLIB_REQUIRED"
configure:12340: $? = 0
configure:12354: $PKG_CONFIG --exists --print-errors "dbus-glib-1 >= $DBUS_GLIB_REQUIRED"
configure:12357: $? = 0
configure:12415: result: yes
configure:12424: checking for POLKIT_DBUS
configure:12431: $PKG_CONFIG --exists --print-errors "polkit-dbus >= $POLKIT_DBUS_REQUIRED"
Package polkit-dbus was not found in the pkg-config search path.
Perhaps you should add the directory containing `polkit-dbus.pc'
to the PKG_CONFIG_PATH environment variable
No package 'polkit-dbus' found
configure:12434: $? = 1
configure:12448: $PKG_CONFIG --exists --print-errors "polkit-dbus >= $POLKIT_DBUS_REQUIRED"
Package polkit-dbus was not found in the pkg-config search path.
Perhaps you should add the directory containing `polkit-dbus.pc'
to the PKG_CONFIG_PATH environment variable
No package 'polkit-dbus' found
configure:12451: $? = 1
configure:12465: result: no
No package 'polkit-dbus' found
configure:12481: error: Package requirements (polkit-dbus >= 0.9) were not met:

No package 'polkit-dbus' found

Consider adjusting the PKG_CONFIG_PATH environment variable if you
installed software in a non-standard prefix.

Alternatively, you may set the environment variables POLKIT_DBUS_CFLAGS
and POLKIT_DBUS_LIBS to avoid the need to call pkg-config.
See the pkg-config man page for more details.

## ---------------- ##
## Cache variables. ##
## ---------------- ##

ac_cv_build=x86_64-unknown-linux-gnu
ac_cv_c_compiler_gnu=yes
ac_cv_env_CC_set=
ac_cv_env_CC_value=
ac_cv_env_CFLAGS_set=set
ac_cv_env_CFLAGS_value='-s -Os -mtune=native -march=native'
ac_cv_env_CPPFLAGS_set=
ac_cv_env_CPPFLAGS_value=
ac_cv_env_CPP_set=
ac_cv_env_CPP_value=
ac_cv_env_DBUS_GLIB_CFLAGS_set=
ac_cv_env_DBUS_GLIB_CFLAGS_value=
ac_cv_env_DBUS_GLIB_LIBS_set=
ac_cv_env_DBUS_GLIB_LIBS_value=
ac_cv_env_GTK_CFLAGS_set=
ac_cv_env_GTK_CFLAGS_value=
ac_cv_env_GTK_LIBS_set=
ac_cv_env_GTK_LIBS_value=
ac_cv_env_LDFLAGS_set=
ac_cv_env_LDFLAGS_value=
ac_cv_env_LIBS_set=
ac_cv_env_LIBS_value=
ac_cv_env_MATECONF_CFLAGS_set=
ac_cv_env_MATECONF_CFLAGS_value=
ac_cv_env_MATECONF_LIBS_set=
ac_cv_env_MATECONF_LIBS_value=
ac_cv_env_PKG_CONFIG_LIBDIR_set=
ac_cv_env_PKG_CONFIG_LIBDIR_value=
ac_cv_env_PKG_CONFIG_PATH_set=
ac_cv_env_PKG_CONFIG_PATH_value=
ac_cv_env_PKG_CONFIG_set=
ac_cv_env_PKG_CONFIG_value=
ac_cv_env_POLKIT_DBUS_CFLAGS_set=
ac_cv_env_POLKIT_DBUS_CFLAGS_value=
ac_cv_env_POLKIT_DBUS_LIBS_set=
ac_cv_env_POLKIT_DBUS_LIBS_value=
ac_cv_env_POLKIT_GRANT_CFLAGS_set=
ac_cv_env_POLKIT_GRANT_CFLAGS_value=
ac_cv_env_POLKIT_GRANT_LIBS_set=
ac_cv_env_POLKIT_GRANT_LIBS_value=
ac_cv_env_build_alias_set=
ac_cv_env_build_alias_value=
ac_cv_env_host_alias_set=
ac_cv_env_host_alias_value=
ac_cv_env_target_alias_set=
ac_cv_env_target_alias_value=
ac_cv_header_dlfcn_h=yes
ac_cv_header_inttypes_h=yes
ac_cv_header_memory_h=yes
ac_cv_header_stdc=yes
ac_cv_header_stdint_h=yes
ac_cv_header_stdlib_h=yes
ac_cv_header_string_h=yes
ac_cv_header_strings_h=yes
ac_cv_header_sys_stat_h=yes
ac_cv_header_sys_types_h=yes
ac_cv_header_unistd_h=yes
ac_cv_host=x86_64-unknown-linux-gnu
ac_cv_objext=o
ac_cv_path_EGREP='/bin/grep -E'
ac_cv_path_FGREP='/bin/grep -F'
ac_cv_path_GREP=/bin/grep
ac_cv_path_GTKDOC_CHECK=/usr/bin/gtkdoc-check
ac_cv_path_GTKDOC_MKPDF=/usr/bin/gtkdoc-mkpdf
ac_cv_path_GTKDOC_REBASE=/usr/bin/gtkdoc-rebase
ac_cv_path_SED=/bin/sed
ac_cv_path_ac_pt_PKG_CONFIG=/usr/bin/pkg-config
ac_cv_path_install='/bin/install -c'
ac_cv_path_mkdir=/bin/mkdir
ac_cv_prog_AWK=gawk
ac_cv_prog_CPP='gcc -E'
ac_cv_prog_ac_ct_AR=ar
ac_cv_prog_ac_ct_CC=gcc
ac_cv_prog_ac_ct_OBJDUMP=objdump
ac_cv_prog_ac_ct_RANLIB=ranlib
ac_cv_prog_ac_ct_STRIP=strip
ac_cv_prog_cc_c89=
ac_cv_prog_cc_g=yes
ac_cv_prog_make_make_set=yes
ac_cv_search_strerror='none required'
am_cv_CC_dependencies_compiler_type=gcc3
gdu_cv_have_gdu=yes
gdu_cv_version_required=0.3.2
lt_cv_ar_at_file=@
lt_cv_archive_cmds_need_lc=no
lt_cv_deplibs_check_method=pass_all
lt_cv_file_magic_cmd='$MAGIC_CMD'
lt_cv_file_magic_test_file=
lt_cv_ld_reload_flag=-r
lt_cv_nm_interface='BSD nm'
lt_cv_objdir=.libs
lt_cv_path_LD=/usr/bin/ld
lt_cv_path_NM='/usr/bin/nm -B'
lt_cv_path_mainfest_tool=no
lt_cv_prog_compiler_c_o=yes
lt_cv_prog_compiler_pic='-fPIC -DPIC'
lt_cv_prog_compiler_pic_works=yes
lt_cv_prog_compiler_rtti_exceptions=no
lt_cv_prog_compiler_static_works=yes
lt_cv_prog_gnu_ld=yes
lt_cv_sharedlib_from_linklib_cmd='printf %s\n'
lt_cv_shlibpath_overrides_runpath=no
lt_cv_sys_global_symbol_pipe='sed -n -e '\''s/^.*[	 ]\([ABCDGIRSTW][ABCDGIRSTW]*\)[	 ][	 ]*\([_A-Za-z][_A-Za-z0-9]*\)$/\1 \2 \2/p'\'' | sed '\''/ __gnu_lto/d'\'''
lt_cv_sys_global_symbol_to_c_name_address='sed -n -e '\''s/^: \([^ ]*\)[ ]*$/  {\"\1\", (void *) 0},/p'\'' -e '\''s/^[ABCDGIRSTW]* \([^ ]*\) \([^ ]*\)$/  {"\2", (void *) \&\2},/p'\'''
lt_cv_sys_global_symbol_to_c_name_address_lib_prefix='sed -n -e '\''s/^: \([^ ]*\)[ ]*$/  {\"\1\", (void *) 0},/p'\'' -e '\''s/^[ABCDGIRSTW]* \([^ ]*\) \(lib[^ ]*\)$/  {"\2", (void *) \&\2},/p'\'' -e '\''s/^[ABCDGIRSTW]* \([^ ]*\) \([^ ]*\)$/  {"lib\2", (void *) \&\2},/p'\'''
lt_cv_sys_global_symbol_to_cdecl='sed -n -e '\''s/^T .* \(.*\)$/extern int \1();/p'\'' -e '\''s/^[ABCDGIRSTW]* .* \(.*\)$/extern char \1;/p'\'''
lt_cv_sys_max_cmd_len=1572864
lt_cv_to_host_file_cmd=func_convert_file_noop
lt_cv_to_tool_file_cmd=func_convert_file_noop
pkg_cv_DBUS_GLIB_CFLAGS='-pthread -I/usr/include/dbus-1.0 -I/usr/lib/dbus-1.0/include -I/usr/include/glib-2.0 -I/usr/lib/glib-2.0/include  '
pkg_cv_DBUS_GLIB_LIBS='-pthread -ldbus-glib-1 -ldbus-1 -lpthread -lgobject-2.0 -lgthread-2.0 -lrt -lglib-2.0  '
pkg_cv_GTK_CFLAGS='-pthread -I/usr/include/gtk-2.0 -I/usr/lib/gtk-2.0/include -I/usr/include/atk-1.0 -I/usr/include/cairo -I/usr/include/gdk-pixbuf-2.0 -I/usr/include/pango-1.0 -I/usr/include/glib-2.0 -I/usr/lib/glib-2.0/include -I/usr/include/pixman-1 -I/usr/include/freetype2 -I/usr/include/libpng14  '
pkg_cv_GTK_LIBS='-pthread -lgtk-x11-2.0 -lgdk-x11-2.0 -latk-1.0 -lgio-2.0 -lpangoft2-1.0 -lpangocairo-1.0 -lgdk_pixbuf-2.0 -lpng14 -lm -lcairo -lpango-1.0 -lfreetype -lfontconfig -lgobject-2.0 -lgmodule-2.0 -lgthread-2.0 -lrt -lglib-2.0  '
pkg_cv_MATECONF_CFLAGS='-DMATECORBA2=1 -pthread -I/usr/include/mateconf/2 -I/usr/include/matecorba-2.0 -I/usr/include/glib-2.0 -I/usr/lib/glib-2.0/include  '
pkg_cv_MATECONF_LIBS='-lmateconf-2 -lglib-2.0  '

## ----------------- ##
## Output variables. ##
## ----------------- ##

ACLOCAL='${SHELL} /home/perberos/Documentos/mate/repo/mate-policykit/missing --run aclocal-1.11'
ACLOCAL_AMFLAGS='${ACLOCAL_FLAGS}'
ALL_LINGUAS=''
AMDEPBACKSLASH='\'
AMDEP_FALSE='#'
AMDEP_TRUE=''
AMTAR='${SHELL} /home/perberos/Documentos/mate/repo/mate-policykit/missing --run tar'
AM_CFLAGS=''
AM_CPPFLAGS=''
AM_CXXFLAGS=''
AM_LDFLAGS=''
AR='ar'
AUTOCONF='${SHELL} /home/perberos/Documentos/mate/repo/mate-policykit/missing --run autoconf'
AUTOHEADER='${SHELL} /home/perberos/Documentos/mate/repo/mate-policykit/missing --run autoheader'
AUTOMAKE='${SHELL} /home/perberos/Documentos/mate/repo/mate-policykit/missing --run automake-1.11'
AWK='gawk'
BUILD_EXAMPLES_FALSE=''
BUILD_EXAMPLES_TRUE=''
CATALOGS=''
CATOBJEXT=''
CC='gcc'
CCDEPMODE='depmode=gcc3'
CFLAGS='-s -Os -mtune=native -march=native -Wall -Wchar-subscripts -Wmissing-declarations -Wnested-externs -Wpointer-arith -Wcast-align -Wsign-compare'
CPP='gcc -E'
CPPFLAGS=''
CYGPATH_W='echo'
DATADIRNAME=''
DBUS_GLIB_CFLAGS='-pthread -I/usr/include/dbus-1.0 -I/usr/lib/dbus-1.0/include -I/usr/include/glib-2.0 -I/usr/lib/glib-2.0/include  '
DBUS_GLIB_LIBS='-pthread -ldbus-glib-1 -ldbus-1 -lpthread -lgobject-2.0 -lgthread-2.0 -lrt -lglib-2.0  '
DEFS=''
DEPDIR='.deps'
DISABLE_DEPRECATED=''
DISTCHECK_CONFIGURE_FLAGS='--disable-scrollkeeper '
DLLTOOL='false'
DOC_USER_FORMATS=''
DSYMUTIL=''
DUMPBIN=''
ECHO_C=''
ECHO_N='-n'
ECHO_T=''
EGREP='/bin/grep -E'
ENABLE_GTK_DOC_FALSE='#'
ENABLE_GTK_DOC_TRUE=''
ENABLE_SK_FALSE='#'
ENABLE_SK_TRUE=''
EXEEXT=''
FGREP='/bin/grep -F'
GETTEXT_PACKAGE=''
GMOFILES=''
GMSGFMT=''
GREP='/bin/grep'
GTKDOC_CHECK='/usr/bin/gtkdoc-check'
GTKDOC_MKPDF='/usr/bin/gtkdoc-mkpdf'
GTKDOC_REBASE='/usr/bin/gtkdoc-rebase'
GTK_CFLAGS='-pthread -I/usr/include/gtk-2.0 -I/usr/lib/gtk-2.0/include -I/usr/include/atk-1.0 -I/usr/include/cairo -I/usr/include/gdk-pixbuf-2.0 -I/usr/include/pango-1.0 -I/usr/include/glib-2.0 -I/usr/lib/glib-2.0/include -I/usr/include/pixman-1 -I/usr/include/freetype2 -I/usr/include/libpng14  '
GTK_DOC_BUILD_HTML_FALSE='#'
GTK_DOC_BUILD_HTML_TRUE=''
GTK_DOC_BUILD_PDF_FALSE=''
GTK_DOC_BUILD_PDF_TRUE='#'
GTK_DOC_USE_LIBTOOL_FALSE='#'
GTK_DOC_USE_LIBTOOL_TRUE=''
GTK_DOC_USE_REBASE_FALSE='#'
GTK_DOC_USE_REBASE_TRUE=''
GTK_LIBS='-pthread -lgtk-x11-2.0 -lgdk-x11-2.0 -latk-1.0 -lgio-2.0 -lpangoft2-1.0 -lpangocairo-1.0 -lgdk_pixbuf-2.0 -lpng14 -lm -lcairo -lpango-1.0 -lfreetype -lfontconfig -lgobject-2.0 -lgmodule-2.0 -lgthread-2.0 -lrt -lglib-2.0  '
HAVE_MATE_DOC_UTILS_FALSE='#'
HAVE_MATE_DOC_UTILS_TRUE=''
HELP_DIR='${datadir}/mate/help'
HTML_DIR='${datadir}/gtk-doc/html'
INSTALL_DATA='${INSTALL} -m 644'
INSTALL_PROGRAM='${INSTALL}'
INSTALL_SCRIPT='${INSTALL}'
INSTALL_STRIP_PROGRAM='$(install_sh) -c -s'
INSTOBJEXT=''
INTLLIBS=''
INTLTOOL_CAVES_RULE=''
INTLTOOL_DESKTOP_RULE=''
INTLTOOL_DIRECTORY_RULE=''
INTLTOOL_EXTRACT=''
INTLTOOL_KBD_RULE=''
INTLTOOL_KEYS_RULE=''
INTLTOOL_MERGE=''
INTLTOOL_OAF_RULE=''
INTLTOOL_PERL=''
INTLTOOL_POLICY_RULE=''
INTLTOOL_PONG_RULE=''
INTLTOOL_PROP_RULE=''
INTLTOOL_SCHEMAS_RULE=''
INTLTOOL_SERVER_RULE=''
INTLTOOL_SERVICE_RULE=''
INTLTOOL_SHEET_RULE=''
INTLTOOL_SOUNDLIST_RULE=''
INTLTOOL_THEME_RULE=''
INTLTOOL_UI_RULE=''
INTLTOOL_UPDATE=''
INTLTOOL_XAM_RULE=''
INTLTOOL_XML_NOMERGE_RULE=''
INTLTOOL_XML_RULE=''
LD='/usr/bin/ld -m elf_x86_64'
LDFLAGS=''
LIBOBJS=''
LIBS=''
LIBTOOL='$(SHELL) $(top_builddir)/libtool'
LIPO=''
LN_S='ln -s'
LTLIBOBJS=''
LT_AGE='0'
LT_CURRENT='0'
LT_REVISION='0'
MAINT='#'
MAINTAINER_MODE_FALSE=''
MAINTAINER_MODE_TRUE='#'
MAKEINFO='${SHELL} /home/perberos/Documentos/mate/repo/mate-policykit/missing --run makeinfo'
MANIFEST_TOOL=':'
MATECONFTOOL=''
MATECONF_CFLAGS='-DMATECORBA2=1 -pthread -I/usr/include/mateconf/2 -I/usr/include/matecorba-2.0 -I/usr/include/glib-2.0 -I/usr/lib/glib-2.0/include  '
MATECONF_LIBS='-lmateconf-2 -lglib-2.0  '
MATECONF_SCHEMAS_INSTALL_FALSE=''
MATECONF_SCHEMAS_INSTALL_TRUE=''
MATECONF_SCHEMA_CONFIG_SOURCE=''
MATECONF_SCHEMA_FILE_DIR=''
MKDIR_P='/bin/mkdir -p'
MKINSTALLDIRS=''
MSGFMT=''
MSGFMT_OPTS=''
MSGMERGE=''
NM='/usr/bin/nm -B'
NMEDIT=''
OBJDUMP='objdump'
OBJEXT='o'
OMF_DIR='${datadir}/omf'
OTOOL64=''
OTOOL=''
PACKAGE='PolicyKit-mate'
PACKAGE_BUGREPORT='mailto:david@fubar.dk'
PACKAGE_NAME='PolicyKit-mate'
PACKAGE_STRING='PolicyKit-mate 0.9.2'
PACKAGE_TARNAME='PolicyKit-mate'
PACKAGE_URL=''
PACKAGE_VERSION='0.9.2'
PATH_SEPARATOR=':'
PKG_CONFIG='/usr/bin/pkg-config'
PKG_CONFIG_LIBDIR=''
PKG_CONFIG_PATH=''
POFILES=''
POLKIT_DBUS_CFLAGS=''
POLKIT_DBUS_LIBS=''
POLKIT_GRANT_CFLAGS=''
POLKIT_GRANT_LIBS=''
POLKIT_POLICY_FILE_VALIDATE=''
POSUB=''
PO_IN_DATADIR_FALSE=''
PO_IN_DATADIR_TRUE=''
RANLIB='ranlib'
SED='/bin/sed'
SET_MAKE=''
SHELL='/bin/sh'
STRIP='strip'
USE_NLS=''
VERSION='0.9.2'
WARN_CFLAGS='-Wall -Wmissing-prototypes -Wnested-externs -Wpointer-arith -Wno-sign-compare '
XGETTEXT=''
ac_ct_AR='ar'
ac_ct_CC='gcc'
ac_ct_DUMPBIN=''
am__EXEEXT_FALSE=''
am__EXEEXT_TRUE=''
am__fastdepCC_FALSE='#'
am__fastdepCC_TRUE=''
am__include='include'
am__isrc=''
am__leading_dot='.'
am__quote=''
am__tar='${AMTAR} chof - "$$tardir"'
am__untar='${AMTAR} xf -'
bindir='${exec_prefix}/bin'
build='x86_64-unknown-linux-gnu'
build_alias=''
build_cpu='x86_64'
build_os='linux-gnu'
build_vendor='unknown'
datadir='${datarootdir}'
datarootdir='${prefix}/share'
docdir='${datarootdir}/doc/${PACKAGE_TARNAME}'
dvidir='${docdir}'
exec_prefix='NONE'
host='x86_64-unknown-linux-gnu'
host_alias=''
host_cpu='x86_64'
host_os='linux-gnu'
host_vendor='unknown'
htmldir='${docdir}'
includedir='${prefix}/include'
infodir='${datarootdir}/info'
install_sh='${SHELL} /home/perberos/Documentos/mate/repo/mate-policykit/install-sh'
libdir='${exec_prefix}/lib'
libexecdir='${exec_prefix}/libexec'
localedir='${datarootdir}/locale'
localstatedir='/var'
mandir='${datarootdir}/man'
mkdir_p='/bin/mkdir -p'
oldincludedir='/usr/include'
pdfdir='${docdir}'
prefix='/usr'
program_transform_name='s,x,x,'
psdir='${docdir}'
sbindir='${exec_prefix}/sbin'
sharedstatedir='${prefix}/com'
sysconfdir='/etc'
target_alias=''

## ----------- ##
## confdefs.h. ##
## ----------- ##

/* confdefs.h */
#define PACKAGE_NAME "PolicyKit-mate"
#define PACKAGE_TARNAME "PolicyKit-mate"
#define PACKAGE_VERSION "0.9.2"
#define PACKAGE_STRING "PolicyKit-mate 0.9.2"
#define PACKAGE_BUGREPORT "mailto:david@fubar.dk"
#define PACKAGE_URL ""
#define PACKAGE "PolicyKit-mate"
#define VERSION "0.9.2"
#define STDC_HEADERS 1
#define HAVE_SYS_TYPES_H 1
#define HAVE_SYS_STAT_H 1
#define HAVE_STDLIB_H 1
#define HAVE_STRING_H 1
#define HAVE_MEMORY_H 1
#define HAVE_STRINGS_H 1
#define HAVE_INTTYPES_H 1
#define HAVE_STDINT_H 1
#define HAVE_UNISTD_H 1
#define HAVE_DLFCN_H 1
#define LT_OBJDIR ".libs/"

configure: exit 1
